[16:46:49] [ServerMain/INFO]: Environment: authHost='https://authserver.mojang.com', accountsHost='https://api.mojang.com', sessionHost='https://sessionserver.mojang.com', servicesHost='https://api.minecraftservices.com', name='PROD'
[16:46:52] [ServerMain/INFO]: Loaded 7 recipes
[16:46:52] [ServerMain/INFO]: Loaded 1271 advancements
[16:46:53] [Server thread/INFO]: Starting minecraft server version 1.20.1
[16:46:53] [Server thread/INFO]: Loading properties
[16:46:53] [Server thread/INFO]: Default game type: SURVIVAL
[16:46:53] [Server thread/INFO]: Generating keypair
[16:46:53] [Server thread/INFO]: Starting Minecraft server on *:25565
[16:46:53] [Server thread/INFO]: Using epoll channel type
[16:46:53] [Server thread/WARN]: **** SERVER IS RUNNING IN OFFLINE/INSECURE MODE!
[16:46:53] [Server thread/WARN]: The server will make no attempt to authenticate usernames. Beware.
[16:46:53] [Server thread/WARN]: While this makes the game possible to play without internet access, it also opens up the ability for hackers to connect with any username they choose.
[16:46:53] [Server thread/WARN]: To change this, set "online-mode" to "true" in the server.properties file.
[16:46:53] [Server thread/INFO]: Preparing level "world"
[16:46:59] [Server thread/INFO]: Preparing start region for dimension minecraft:overworld
[16:47:04] [Worker-Main-1/INFO]: Preparing spawn area: 0%
[16:47:04] [Worker-Main-1/INFO]: Preparing spawn area: 0%
[16:47:04] [Worker-Main-1/INFO]: Preparing spawn area: 0%
[16:47:04] [Worker-Main-1/INFO]: Preparing spawn area: 0%
[16:47:04] [Worker-Main-1/INFO]: Preparing spawn area: 0%
[16:47:04] [Worker-Main-1/INFO]: Preparing spawn area: 0%
[16:47:04] [Worker-Main-1/INFO]: Preparing spawn area: 0%
[16:47:04] [Worker-Main-1/INFO]: Preparing spawn area: 0%
[16:47:04] [Worker-Main-1/INFO]: Preparing spawn area: 0%
[16:47:04] [Worker-Main-1/INFO]: Preparing spawn area: 0%
[16:47:04] [Worker-Main-1/INFO]: Preparing spawn area: 0%
[16:47:04] [Worker-Main-1/INFO]: Preparing spawn area: 0%
[16:47:05] [Worker-Main-1/INFO]: Preparing spawn area: 0%
[16:47:05] [Worker-Main-1/INFO]: Preparing spawn area: 0%
[16:47:06] [Worker-Main-1/INFO]: Preparing spawn area: 0%
[16:47:06] [Server thread/INFO]: Time elapsed: 7675 ms
[16:47:06] [Server thread/INFO]: Done (13.358s)! For help, type "help"
[16:47:38] [Server thread/INFO]: Winkol007[/100.124.10.119:53193] logged in with entity id 90 at (345.5, 68.0, -247.5)
[16:47:38] [Server thread/INFO]: Winkol007 joined the game
[16:48:13] [Server thread/INFO]: Made Winkol a server operator
[16:48:26] [Server thread/WARN]: Mismatch in destroy block pos: gu{x=341, y=66, z=-255} gu{x=344, y=67, z=-253}
[16:48:26] [Server thread/WARN]: Mismatch in destroy block pos: gu{x=341, y=66, z=-255} gu{x=343, y=67, z=-253}
[16:48:26] [Server thread/WARN]: Mismatch in destroy block pos: gu{x=341, y=66, z=-255} gu{x=343, y=67, z=-254}
[16:48:27] [Server thread/WARN]: Mismatch in destroy block pos: gu{x=341, y=66, z=-255} gu{x=343, y=67, z=-253}
[16:48:31] [Server thread/WARN]: Mismatch in destroy block pos: gu{x=341, y=66, z=-255} gu{x=343, y=67, z=-253}
[16:48:45] [Server thread/INFO]: Set the time to 1000
[16:49:08] [Server thread/WARN]: Mismatch in destroy block pos: gu{x=341, y=66, z=-255} gu{x=342, y=66, z=-239}
[16:49:08] [Server thread/WARN]: Mismatch in destroy block pos: gu{x=341, y=66, z=-255} gu{x=342, y=66, z=-240}
[16:49:09] [Server thread/WARN]: Mismatch in destroy block pos: gu{x=341, y=66, z=-255} gu{x=346, y=66, z=-237}
[16:49:12] [Server thread/WARN]: Mismatch in destroy block pos: gu{x=341, y=66, z=-255} gu{x=349, y=66, z=-238}
[16:50:14] [Server thread/WARN]: Mismatch in destroy block pos: gu{x=331, y=64, z=-212} gu{x=327, y=67, z=-248}
[16:50:14] [Server thread/WARN]: Mismatch in destroy block pos: gu{x=331, y=64, z=-212} gu{x=328, y=67, z=-249}
[16:50:16] [Server thread/WARN]: Mismatch in destroy block pos: gu{x=331, y=64, z=-212} gu{x=327, y=67, z=-247}
[16:51:03] [Server thread/INFO]: Winkol007 lost connection: Disconnected
[16:51:03] [Server thread/INFO]: Winkol007 left the game
[16:51:34] [Server thread/INFO]: Stopping the server
[16:51:34] [Server thread/INFO]: Stopping server
[16:51:34] [Server thread/INFO]: Saving players
[16:51:34] [Server thread/INFO]: Saving worlds
[16:51:35] [Server thread/INFO]: Saving chunks for level 'ServerLevel[world]'/minecraft:overworld
[16:51:36] [Server thread/INFO]: Saving chunks for level 'ServerLevel[world]'/minecraft:the_end
[16:51:36] [Server thread/INFO]: Saving chunks for level 'ServerLevel[world]'/minecraft:the_nether
[16:51:36] [Server thread/INFO]: ThreadedAnvilChunkStorage (world): All chunks are saved
[16:51:36] [Server thread/INFO]: ThreadedAnvilChunkStorage (DIM1): All chunks are saved
[16:51:36] [Server thread/INFO]: ThreadedAnvilChunkStorage (DIM-1): All chunks are saved
[16:51:36] [Server thread/INFO]: ThreadedAnvilChunkStorage: All dimensions are saved
